<?xml version="1.0" encoding="UTF-8"?>
<testsuite name="com.documentbuilder.DocumentBuilderTest" tests="3" skipped="0" failures="0" errors="0" timestamp="2025-10-28T09:09:41.598Z" hostname="FUBAO-THINK" time="0.054">
  <properties/>
  <testcase name="testDocumentProcessorIntegration()" classname="com.documentbuilder.DocumentBuilderTest" time="0.028"/>
  <testcase name="testImageProcessor()" classname="com.documentbuilder.DocumentBuilderTest" time="0.014"/>
  <testcase name="testAppConfigValidation()" classname="com.documentbuilder.DocumentBuilderTest" time="0.01"/>
  <system-out><![CDATA[Integration test skipped - requires actual PNG files
]]></system-out>
  <system-err><![CDATA[]]></system-err>
</testsuite>
